mode: set
github.com/prounckk/ZTM-DS-and-Algo-Golang/Big-O/O-1/bigo-1.go:4.35,5.19 1 0
github.com/prounckk/ZTM-DS-and-Algo-Golang/Big-O/O-1/bigo-1.go:8.2,8.10 1 0
github.com/prounckk/ZTM-DS-and-Algo-Golang/Big-O/O-1/bigo-1.go:5.19,7.3 1 0
github.com/prounckk/ZTM-DS-and-Algo-Golang/Big-O/O-n/bigo-n.go:4.45,6.23 2 0
github.com/prounckk/ZTM-DS-and-Algo-Golang/Big-O/O-n/bigo-n.go:9.2,9.12 1 0
github.com/prounckk/ZTM-DS-and-Algo-Golang/Big-O/O-n/bigo-n.go:6.23,8.3 1 0
github.com/prounckk/ZTM-DS-and-Algo-Golang/Big-O/O-nn/bigo-nn.go:5.73,7.25 2 0
github.com/prounckk/ZTM-DS-and-Algo-Golang/Big-O/O-nn/bigo-nn.go:14.2,14.12 1 0
github.com/prounckk/ZTM-DS-and-Algo-Golang/Big-O/O-nn/bigo-nn.go:7.25,8.30 1 0
github.com/prounckk/ZTM-DS-and-Algo-Golang/Big-O/O-nn/bigo-nn.go:8.30,9.20 1 0
github.com/prounckk/ZTM-DS-and-Algo-Golang/Big-O/O-nn/bigo-nn.go:9.20,11.5 1 0
github.com/prounckk/ZTM-DS-and-Algo-Golang/DataStructures/Array/array.go:8.42,11.17 3 1
github.com/prounckk/ZTM-DS-and-Algo-Golang/DataStructures/Array/array.go:14.2,14.16 1 1
github.com/prounckk/ZTM-DS-and-Algo-Golang/DataStructures/Array/array.go:11.17,13.3 1 1
github.com/prounckk/ZTM-DS-and-Algo-Golang/DataStructures/Array/array.go:17.46,19.31 2 1
github.com/prounckk/ZTM-DS-and-Algo-Golang/DataStructures/Array/array.go:19.31,22.3 2 1
github.com/prounckk/ZTM-DS-and-Algo-Golang/DataStructures/Array/array.go:25.37,29.2 3 0
github.com/prounckk/ZTM-DS-and-Algo-Golang/DataStructures/Array/array.go:31.35,35.2 3 1
github.com/prounckk/ZTM-DS-and-Algo-Golang/DataStructures/Threes/three.go:13.51,14.19 1 1
github.com/prounckk/ZTM-DS-and-Algo-Golang/DataStructures/Threes/three.go:19.2,19.10 1 1
github.com/prounckk/ZTM-DS-and-Algo-Golang/DataStructures/Threes/three.go:14.19,16.3 1 1
github.com/prounckk/ZTM-DS-and-Algo-Golang/DataStructures/Threes/three.go:16.8,18.3 1 1
github.com/prounckk/ZTM-DS-and-Algo-Golang/DataStructures/Threes/three.go:22.33,23.14 1 1
github.com/prounckk/ZTM-DS-and-Algo-Golang/DataStructures/Threes/three.go:23.14,25.3 1 0
github.com/prounckk/ZTM-DS-and-Algo-Golang/DataStructures/Threes/three.go:25.8,25.26 1 1
github.com/prounckk/ZTM-DS-and-Algo-Golang/DataStructures/Threes/three.go:25.26,26.20 1 1
github.com/prounckk/ZTM-DS-and-Algo-Golang/DataStructures/Threes/three.go:26.20,28.4 1 1
github.com/prounckk/ZTM-DS-and-Algo-Golang/DataStructures/Threes/three.go:28.9,30.4 1 1
github.com/prounckk/ZTM-DS-and-Algo-Golang/DataStructures/Threes/three.go:31.8,32.21 1 1
github.com/prounckk/ZTM-DS-and-Algo-Golang/DataStructures/Threes/three.go:32.21,34.4 1 1
github.com/prounckk/ZTM-DS-and-Algo-Golang/DataStructures/Threes/three.go:34.9,36.4 1 1
github.com/prounckk/ZTM-DS-and-Algo-Golang/DataStructures/Threes/three.go:40.44,41.19 1 1
github.com/prounckk/ZTM-DS-and-Algo-Golang/DataStructures/Threes/three.go:41.19,43.3 1 0
github.com/prounckk/ZTM-DS-and-Algo-Golang/DataStructures/Threes/three.go:43.8,45.3 1 1
github.com/prounckk/ZTM-DS-and-Algo-Golang/DataStructures/Threes/three.go:50.38,51.14 1 1
github.com/prounckk/ZTM-DS-and-Algo-Golang/DataStructures/Threes/three.go:51.14,53.3 1 0
github.com/prounckk/ZTM-DS-and-Algo-Golang/DataStructures/Threes/three.go:53.8,53.27 1 1
github.com/prounckk/ZTM-DS-and-Algo-Golang/DataStructures/Threes/three.go:53.27,55.3 1 1
github.com/prounckk/ZTM-DS-and-Algo-Golang/DataStructures/Threes/three.go:55.8,55.26 1 1
github.com/prounckk/ZTM-DS-and-Algo-Golang/DataStructures/Threes/three.go:55.26,56.20 1 1
github.com/prounckk/ZTM-DS-and-Algo-Golang/DataStructures/Threes/three.go:56.20,58.4 1 1
github.com/prounckk/ZTM-DS-and-Algo-Golang/DataStructures/Threes/three.go:58.9,61.4 1 1
github.com/prounckk/ZTM-DS-and-Algo-Golang/DataStructures/Threes/three.go:62.8,63.21 1 1
github.com/prounckk/ZTM-DS-and-Algo-Golang/DataStructures/Threes/three.go:63.21,65.4 1 1
github.com/prounckk/ZTM-DS-and-Algo-Golang/DataStructures/Threes/three.go:65.9,67.4 1 1
